2022-11-03 09:40:47,810:INFO:PyCaret Supervised Module
2022-11-03 09:40:47,811:INFO:ML Usecase: classification
2022-11-03 09:40:47,811:INFO:version 2.3.10
2022-11-03 09:40:47,811:INFO:Initializing setup()
2022-11-03 09:40:47,811:INFO:setup(target=default, ml_usecase=classification, available_plots={'parameter': 'Hyperparameters', 'auc': 'AUC', 'confusion_matrix': 'Confusion Matrix', 'threshold': 'Threshold', 'pr': 'Precision Recall', 'error': 'Prediction Error', 'class_report': 'Class Report', 'rfe': 'Feature Selection', 'learning': 'Learning Curve', 'manifold': 'Manifold Learning', 'calibration': 'Calibration Curve', 'vc': 'Validation Curve', 'dimension': 'Dimensions', 'feature': 'Feature Importance', 'feature_all': 'Feature Importance (All)', 'boundary': 'Decision Boundary', 'lift': 'Lift Chart', 'gain': 'Gain Chart', 'tree': 'Decision Tree', 'ks': 'KS Statistic Plot'}, train_size=0.7, test_data=None, preprocess=True, imputation_type=simple, iterative_imputation_iters=5, categorical_features=None, categorical_imputation=constant, categorical_iterative_imputer=lightgbm, ordinal_features=None, high_cardinality_features=None, high_cardinality_method=frequency, numeric_features=None, numeric_imputation=mean, numeric_iterative_imputer=lightgbm, date_features=None, ignore_features=None, normalize=False, normalize_method=zscore, transformation=False, transformation_method=yeo-johnson, handle_unknown_categorical=True, unknown_categorical_method=least_frequent, pca=False, pca_method=linear, pca_components=None, ignore_low_variance=False, combine_rare_levels=False, rare_level_threshold=0.1, bin_numeric_features=None, remove_outliers=False, outliers_threshold=0.05, remove_multicollinearity=False, multicollinearity_threshold=0.9, remove_perfect_collinearity=True, create_clusters=False, cluster_iter=20, polynomial_features=False, polynomial_degree=2, trigonometry_features=False, polynomial_threshold=0.1, group_features=None, group_names=None, feature_selection=False, feature_selection_threshold=0.8, feature_selection_method=classic, feature_interaction=False, feature_ratio=False, interaction_threshold=0.01, fix_imbalance=False, fix_imbalance_method=None, transform_target=False, transform_target_method=box-cox, data_split_shuffle=True, data_split_stratify=False, fold_strategy=stratifiedkfold, fold=10, fold_shuffle=False, fold_groups=None, n_jobs=-1, use_gpu=False, custom_pipeline=None, html=True, session_id=123, log_experiment=False, experiment_name=None, experiment_custom_tags=None, log_plots=False, log_profile=False, log_data=False, silent=False, verbose=True, profile=False, profile_kwargs=None, display=None)
2022-11-03 09:40:47,811:INFO:Checking environment
2022-11-03 09:40:47,811:INFO:python_version: 3.8.13
2022-11-03 09:40:47,811:INFO:python_build: ('default', 'Oct 19 2022 22:38:03')
2022-11-03 09:40:47,812:INFO:machine: AMD64
2022-11-03 09:40:47,812:INFO:platform: Windows-10-10.0.19044-SP0
2022-11-03 09:40:47,812:INFO:Memory: svmem(total=34017132544, available=24849252352, percent=27.0, used=9167880192, free=24849252352)
2022-11-03 09:40:47,812:INFO:Physical Core: 4
2022-11-03 09:40:47,812:INFO:Logical Core: 8
2022-11-03 09:40:47,812:INFO:Checking libraries
2022-11-03 09:40:47,812:INFO:pd==1.5.1
2022-11-03 09:40:47,812:INFO:numpy==1.20.3
2022-11-03 09:40:47,812:INFO:sklearn==0.23.2
2022-11-03 09:40:47,813:INFO:lightgbm==3.3.3
2022-11-03 09:40:47,814:WARNING:catboost not found
2022-11-03 09:40:47,814:WARNING:xgboost not found
2022-11-03 09:40:47,814:INFO:mlflow==1.30.0
2022-11-03 09:40:47,814:INFO:Checking Exceptions
2022-11-03 09:40:47,814:INFO:Declaring global variables
2022-11-03 09:40:47,815:INFO:USI: 6b62
2022-11-03 09:40:47,815:INFO:pycaret_globals: {'_all_metrics', 'gpu_param', 'fix_imbalance_param', 'fix_imbalance_method_param', 'y_test', 'experiment__', 'display_container', 'master_model_container', 'y', '_ml_usecase', '_all_models_internal', 'html_param', '_available_plots', 'fold_param', 'iterative_imputation_iters_param', 'log_plots_param', 'prep_pipe', 'X', 'fold_groups_param', 'dashboard_logger', 'fold_shuffle_param', 'data_before_preprocess', 'transform_target_param', '_gpu_n_jobs_param', '_internal_pipeline', 'X_train', 'n_jobs_param', 'pycaret_globals', 'logging_param', 'seed', 'transform_target_method_param', 'target_param', 'stratify_param', 'imputation_regressor', 'fold_generator', 'fold_groups_param_full', 'y_train', 'X_test', 'imputation_classifier', 'USI', 'exp_name_log', '_all_models', 'create_model_container'}
2022-11-03 09:40:47,815:INFO:Preparing display monitor
2022-11-03 09:40:47,815:INFO:Preparing display monitor
2022-11-03 09:40:47,831:INFO:Importing libraries
2022-11-03 09:40:47,831:INFO:Copying data for preprocessing
2022-11-03 09:40:47,841:INFO:Declaring preprocessing parameters
2022-11-03 09:40:47,846:INFO:Creating preprocessing pipeline
2022-11-03 09:40:47,984:INFO:Preprocessing pipeline created successfully
2022-11-03 09:40:47,985:ERROR:(Process Exit): setup has been interupted with user command 'quit'. setup must rerun.
2022-11-03 09:40:47,985:INFO:Creating global containers
2022-11-03 09:40:47,987:INFO:Internal pipeline: Pipeline(memory=None, steps=[('empty_step', 'passthrough')], verbose=False)
2022-11-03 09:41:21,294:WARNING:Couldn't import xgboost.XGBClassifier
2022-11-03 09:41:21,295:WARNING:Couldn't import catboost.CatBoostClassifier
2022-11-03 09:41:21,425:WARNING:Couldn't import xgboost.XGBClassifier
2022-11-03 09:41:21,426:WARNING:Couldn't import catboost.CatBoostClassifier
2022-11-03 09:41:21,426:INFO:Creating grid variables
2022-11-03 09:41:21,441:INFO:create_model_container: 0
2022-11-03 09:41:21,441:INFO:master_model_container: 0
2022-11-03 09:41:21,441:INFO:display_container: 1
2022-11-03 09:41:21,447:INFO:Pipeline(memory=None,
         steps=[('dtypes',
                 DataTypes_Auto_infer(categorical_features=[],
                                      display_types=True, features_todrop=[],
                                      id_columns=[],
                                      ml_usecase='classification',
                                      numerical_features=[], target='default',
                                      time_features=[])),
                ('imputer',
                 Simple_Imputer(categorical_strategy='not_available',
                                fill_value_categorical=None,
                                fill_value_numerical=None,
                                numeric_stra...
                ('scaling', 'passthrough'), ('P_transform', 'passthrough'),
                ('binn', 'passthrough'), ('rem_outliers', 'passthrough'),
                ('cluster_all', 'passthrough'),
                ('dummy', Dummify(target='default')),
                ('fix_perfect', Remove_100(target='default')),
                ('clean_names', Clean_Colum_Names()),
                ('feature_select', 'passthrough'), ('fix_multi', 'passthrough'),
                ('dfs', 'passthrough'), ('pca', 'passthrough')],
         verbose=False)
2022-11-03 09:41:21,447:INFO:setup() succesfully completed......................................
2022-11-03 09:48:08,005:INFO:Initializing compare_models()
2022-11-03 09:48:08,005:INFO:compare_models(include=None, fold=None, round=4, cross_validation=True, sort=Accuracy, n_select=1, budget_time=None, turbo=True, errors=ignore, fit_kwargs=None, groups=None, experiment_custom_tags=None, probability_threshold=None, verbose=True, display=None, exclude=None)
2022-11-03 09:48:08,005:INFO:Checking exceptions
2022-11-03 09:48:08,008:INFO:Preparing display monitor
2022-11-03 09:48:08,008:INFO:Preparing display monitor
2022-11-03 09:48:08,041:INFO:Initializing Logistic Regression
2022-11-03 09:48:08,041:INFO:Total runtime is 0.0 minutes
2022-11-03 09:48:08,050:INFO:SubProcess create_model() called ==================================
2022-11-03 09:48:08,050:INFO:Initializing create_model()
2022-11-03 09:48:08,051:INFO:create_model(estimator=lr, fold=StratifiedKFold(n_splits=10, random_state=None, shuffle=False), round=4, cross_validation=True, predict=True, fit_kwargs={}, groups=None, refit=False, verbose=False, system=False, metrics=None, experiment_custom_tags=None, add_to_model_list=True, probability_threshold=None, display=<pycaret.internal.Display.Display object at 0x00000216F586F0D0>, return_train_score=False, kwargs={})
2022-11-03 09:48:08,051:INFO:Checking exceptions
2022-11-03 09:48:08,051:INFO:Importing libraries
2022-11-03 09:48:08,051:INFO:Copying training dataset
2022-11-03 09:48:08,055:INFO:Defining folds
2022-11-03 09:48:08,056:INFO:Declaring metric variables
2022-11-03 09:48:08,062:INFO:Importing untrained model
2022-11-03 09:48:08,068:INFO:Logistic Regression Imported succesfully
2022-11-03 09:48:08,087:INFO:Starting cross validation
2022-11-03 09:48:08,087:INFO:Cross validating with StratifiedKFold(n_splits=10, random_state=None, shuffle=False), n_jobs=-1
2022-11-03 09:48:14,693:INFO:Calculating mean and std
2022-11-03 09:48:14,694:INFO:Creating metrics dataframe
2022-11-03 09:48:14,705:INFO:Uploading results into container
2022-11-03 09:48:14,705:INFO:Uploading model into container now
2022-11-03 09:48:14,705:INFO:create_model_container: 1
2022-11-03 09:48:14,705:INFO:master_model_container: 1
2022-11-03 09:48:14,706:INFO:display_container: 2
2022-11-03 09:48:14,707:INFO:LogisticRegression(C=1.0, class_weight=None, dual=False, fit_intercept=True,
                   intercept_scaling=1, l1_ratio=None, max_iter=1000,
                   multi_class='auto', n_jobs=None, penalty='l2',
                   random_state=123, solver='lbfgs', tol=0.0001, verbose=0,
                   warm_start=False)
2022-11-03 09:48:14,707:INFO:create_model() succesfully completed......................................
2022-11-03 09:48:14,799:INFO:SubProcess create_model() end ==================================
2022-11-03 09:48:14,799:INFO:Creating metrics dataframe
2022-11-03 09:48:14,808:INFO:Initializing K Neighbors Classifier
2022-11-03 09:48:14,808:INFO:Total runtime is 0.11278562545776367 minutes
2022-11-03 09:48:14,819:INFO:SubProcess create_model() called ==================================
2022-11-03 09:48:14,819:INFO:Initializing create_model()
2022-11-03 09:48:14,820:INFO:create_model(estimator=knn, fold=StratifiedKFold(n_splits=10, random_state=None, shuffle=False), round=4, cross_validation=True, predict=True, fit_kwargs={}, groups=None, refit=False, verbose=False, system=False, metrics=None, experiment_custom_tags=None, add_to_model_list=True, probability_threshold=None, display=<pycaret.internal.Display.Display object at 0x00000216F586F0D0>, return_train_score=False, kwargs={})
2022-11-03 09:48:14,820:INFO:Checking exceptions
2022-11-03 09:48:14,820:INFO:Importing libraries
2022-11-03 09:48:14,820:INFO:Copying training dataset
2022-11-03 09:48:14,826:INFO:Defining folds
2022-11-03 09:48:14,826:INFO:Declaring metric variables
2022-11-03 09:48:14,835:INFO:Importing untrained model
2022-11-03 09:48:14,843:INFO:K Neighbors Classifier Imported succesfully
2022-11-03 09:48:14,860:INFO:Starting cross validation
2022-11-03 09:48:14,861:INFO:Cross validating with StratifiedKFold(n_splits=10, random_state=None, shuffle=False), n_jobs=-1
2022-11-03 09:48:17,471:INFO:Calculating mean and std
2022-11-03 09:48:17,474:INFO:Creating metrics dataframe
2022-11-03 09:48:17,488:INFO:Uploading results into container
2022-11-03 09:48:17,488:INFO:Uploading model into container now
2022-11-03 09:48:17,488:INFO:create_model_container: 2
2022-11-03 09:48:17,488:INFO:master_model_container: 2
2022-11-03 09:48:17,490:INFO:display_container: 2
2022-11-03 09:48:17,491:INFO:KNeighborsClassifier(algorithm='auto', leaf_size=30, metric='minkowski',
                     metric_params=None, n_jobs=-1, n_neighbors=5, p=2,
                     weights='uniform')
2022-11-03 09:48:17,491:INFO:create_model() succesfully completed......................................
2022-11-03 09:48:17,594:INFO:SubProcess create_model() end ==================================
2022-11-03 09:48:17,594:INFO:Creating metrics dataframe
2022-11-03 09:48:17,615:INFO:Initializing Naive Bayes
2022-11-03 09:48:17,615:INFO:Total runtime is 0.15956725676854452 minutes
2022-11-03 09:48:17,631:INFO:SubProcess create_model() called ==================================
2022-11-03 09:48:17,631:INFO:Initializing create_model()
2022-11-03 09:48:17,631:INFO:create_model(estimator=nb, fold=StratifiedKFold(n_splits=10, random_state=None, shuffle=False), round=4, cross_validation=True, predict=True, fit_kwargs={}, groups=None, refit=False, verbose=False, system=False, metrics=None, experiment_custom_tags=None, add_to_model_list=True, probability_threshold=None, display=<pycaret.internal.Display.Display object at 0x00000216F586F0D0>, return_train_score=False, kwargs={})
2022-11-03 09:48:17,631:INFO:Checking exceptions
2022-11-03 09:48:17,631:INFO:Importing libraries
2022-11-03 09:48:17,632:INFO:Copying training dataset
2022-11-03 09:48:17,639:INFO:Defining folds
2022-11-03 09:48:17,639:INFO:Declaring metric variables
2022-11-03 09:48:17,655:INFO:Importing untrained model
2022-11-03 09:48:17,668:INFO:Naive Bayes Imported succesfully
2022-11-03 09:48:17,691:INFO:Starting cross validation
2022-11-03 09:48:17,692:INFO:Cross validating with StratifiedKFold(n_splits=10, random_state=None, shuffle=False), n_jobs=-1
2022-11-03 09:48:17,974:INFO:Calculating mean and std
2022-11-03 09:48:17,976:INFO:Creating metrics dataframe
2022-11-03 09:48:17,988:INFO:Uploading results into container
2022-11-03 09:48:17,989:INFO:Uploading model into container now
2022-11-03 09:48:17,989:INFO:create_model_container: 3
2022-11-03 09:48:17,990:INFO:master_model_container: 3
2022-11-03 09:48:17,990:INFO:display_container: 2
2022-11-03 09:48:17,990:INFO:GaussianNB(priors=None, var_smoothing=1e-09)
2022-11-03 09:48:17,991:INFO:create_model() succesfully completed......................................
2022-11-03 09:48:18,089:INFO:SubProcess create_model() end ==================================
2022-11-03 09:48:18,089:INFO:Creating metrics dataframe
2022-11-03 09:48:18,112:INFO:Initializing Decision Tree Classifier
2022-11-03 09:48:18,112:INFO:Total runtime is 0.16785707871119182 minutes
2022-11-03 09:48:18,127:INFO:SubProcess create_model() called ==================================
2022-11-03 09:48:18,127:INFO:Initializing create_model()
2022-11-03 09:48:18,127:INFO:create_model(estimator=dt, fold=StratifiedKFold(n_splits=10, random_state=None, shuffle=False), round=4, cross_validation=True, predict=True, fit_kwargs={}, groups=None, refit=False, verbose=False, system=False, metrics=None, experiment_custom_tags=None, add_to_model_list=True, probability_threshold=None, display=<pycaret.internal.Display.Display object at 0x00000216F586F0D0>, return_train_score=False, kwargs={})
2022-11-03 09:48:18,127:INFO:Checking exceptions
2022-11-03 09:48:18,127:INFO:Importing libraries
2022-11-03 09:48:18,127:INFO:Copying training dataset
2022-11-03 09:48:18,134:INFO:Defining folds
2022-11-03 09:48:18,134:INFO:Declaring metric variables
2022-11-03 09:48:18,141:INFO:Importing untrained model
2022-11-03 09:48:18,149:INFO:Decision Tree Classifier Imported succesfully
2022-11-03 09:48:18,166:INFO:Starting cross validation
2022-11-03 09:48:18,167:INFO:Cross validating with StratifiedKFold(n_splits=10, random_state=None, shuffle=False), n_jobs=-1
2022-11-03 09:48:19,309:INFO:Calculating mean and std
2022-11-03 09:48:19,313:INFO:Creating metrics dataframe
2022-11-03 09:48:19,326:INFO:Uploading results into container
2022-11-03 09:48:19,326:INFO:Uploading model into container now
2022-11-03 09:48:19,326:INFO:create_model_container: 4
2022-11-03 09:48:19,326:INFO:master_model_container: 4
2022-11-03 09:48:19,326:INFO:display_container: 2
2022-11-03 09:48:19,327:INFO:DecisionTreeClassifier(ccp_alpha=0.0, class_weight=None, criterion='gini',
                       max_depth=None, max_features=None, max_leaf_nodes=None,
                       min_impurity_decrease=0.0, min_impurity_split=None,
                       min_samples_leaf=1, min_samples_split=2,
                       min_weight_fraction_leaf=0.0, presort='deprecated',
                       random_state=123, splitter='best')
2022-11-03 09:48:19,327:INFO:create_model() succesfully completed......................................
2022-11-03 09:48:19,412:INFO:SubProcess create_model() end ==================================
2022-11-03 09:48:19,412:INFO:Creating metrics dataframe
2022-11-03 09:48:19,432:INFO:Initializing SVM - Linear Kernel
2022-11-03 09:48:19,432:INFO:Total runtime is 0.18986229499181112 minutes
2022-11-03 09:48:19,440:INFO:SubProcess create_model() called ==================================
2022-11-03 09:48:19,440:INFO:Initializing create_model()
2022-11-03 09:48:19,440:INFO:create_model(estimator=svm, fold=StratifiedKFold(n_splits=10, random_state=None, shuffle=False), round=4, cross_validation=True, predict=True, fit_kwargs={}, groups=None, refit=False, verbose=False, system=False, metrics=None, experiment_custom_tags=None, add_to_model_list=True, probability_threshold=None, display=<pycaret.internal.Display.Display object at 0x00000216F586F0D0>, return_train_score=False, kwargs={})
2022-11-03 09:48:19,440:INFO:Checking exceptions
2022-11-03 09:48:19,440:INFO:Importing libraries
2022-11-03 09:48:19,440:INFO:Copying training dataset
2022-11-03 09:48:19,445:INFO:Defining folds
2022-11-03 09:48:19,445:INFO:Declaring metric variables
2022-11-03 09:48:19,457:INFO:Importing untrained model
2022-11-03 09:48:19,463:INFO:SVM - Linear Kernel Imported succesfully
2022-11-03 09:48:19,480:INFO:Starting cross validation
2022-11-03 09:48:19,481:INFO:Cross validating with StratifiedKFold(n_splits=10, random_state=None, shuffle=False), n_jobs=-1
2022-11-03 09:48:20,906:INFO:Calculating mean and std
2022-11-03 09:48:20,907:INFO:Creating metrics dataframe
2022-11-03 09:48:20,912:INFO:Uploading results into container
2022-11-03 09:48:20,912:INFO:Uploading model into container now
2022-11-03 09:48:20,913:INFO:create_model_container: 5
2022-11-03 09:48:20,913:INFO:master_model_container: 5
2022-11-03 09:48:20,913:INFO:display_container: 2
2022-11-03 09:48:20,913:INFO:SGDClassifier(alpha=0.0001, average=False, class_weight=None,
              early_stopping=False, epsilon=0.1, eta0=0.001, fit_intercept=True,
              l1_ratio=0.15, learning_rate='optimal', loss='hinge',
              max_iter=1000, n_iter_no_change=5, n_jobs=-1, penalty='l2',
              power_t=0.5, random_state=123, shuffle=True, tol=0.001,
              validation_fraction=0.1, verbose=0, warm_start=False)
2022-11-03 09:48:20,913:INFO:create_model() succesfully completed......................................
2022-11-03 09:48:20,990:INFO:SubProcess create_model() end ==================================
2022-11-03 09:48:20,990:INFO:Creating metrics dataframe
2022-11-03 09:48:21,002:INFO:Initializing Ridge Classifier
2022-11-03 09:48:21,002:INFO:Total runtime is 0.2160308241844177 minutes
2022-11-03 09:48:21,014:INFO:SubProcess create_model() called ==================================
2022-11-03 09:48:21,015:INFO:Initializing create_model()
2022-11-03 09:48:21,015:INFO:create_model(estimator=ridge, fold=StratifiedKFold(n_splits=10, random_state=None, shuffle=False), round=4, cross_validation=True, predict=True, fit_kwargs={}, groups=None, refit=False, verbose=False, system=False, metrics=None, experiment_custom_tags=None, add_to_model_list=True, probability_threshold=None, display=<pycaret.internal.Display.Display object at 0x00000216F586F0D0>, return_train_score=False, kwargs={})
2022-11-03 09:48:21,015:INFO:Checking exceptions
2022-11-03 09:48:21,015:INFO:Importing libraries
2022-11-03 09:48:21,015:INFO:Copying training dataset
2022-11-03 09:48:21,020:INFO:Defining folds
2022-11-03 09:48:21,020:INFO:Declaring metric variables
2022-11-03 09:48:21,028:INFO:Importing untrained model
2022-11-03 09:48:21,040:INFO:Ridge Classifier Imported succesfully
2022-11-03 09:48:21,059:INFO:Starting cross validation
2022-11-03 09:48:21,060:INFO:Cross validating with StratifiedKFold(n_splits=10, random_state=None, shuffle=False), n_jobs=-1
2022-11-03 09:48:21,332:INFO:Calculating mean and std
2022-11-03 09:48:21,335:INFO:Creating metrics dataframe
2022-11-03 09:48:21,345:INFO:Uploading results into container
2022-11-03 09:48:21,345:INFO:Uploading model into container now
2022-11-03 09:48:21,346:INFO:create_model_container: 6
2022-11-03 09:48:21,346:INFO:master_model_container: 6
2022-11-03 09:48:21,346:INFO:display_container: 2
2022-11-03 09:48:21,346:INFO:RidgeClassifier(alpha=1.0, class_weight=None, copy_X=True, fit_intercept=True,
                max_iter=None, normalize=False, random_state=123, solver='auto',
                tol=0.001)
2022-11-03 09:48:21,346:INFO:create_model() succesfully completed......................................
2022-11-03 09:48:21,442:INFO:SubProcess create_model() end ==================================
2022-11-03 09:48:21,442:INFO:Creating metrics dataframe
2022-11-03 09:48:21,456:INFO:Initializing Random Forest Classifier
2022-11-03 09:48:21,456:INFO:Total runtime is 0.223589293162028 minutes
2022-11-03 09:48:21,464:INFO:SubProcess create_model() called ==================================
2022-11-03 09:48:21,465:INFO:Initializing create_model()
2022-11-03 09:48:21,465:INFO:create_model(estimator=rf, fold=StratifiedKFold(n_splits=10, random_state=None, shuffle=False), round=4, cross_validation=True, predict=True, fit_kwargs={}, groups=None, refit=False, verbose=False, system=False, metrics=None, experiment_custom_tags=None, add_to_model_list=True, probability_threshold=None, display=<pycaret.internal.Display.Display object at 0x00000216F586F0D0>, return_train_score=False, kwargs={})
2022-11-03 09:48:21,465:INFO:Checking exceptions
2022-11-03 09:48:21,465:INFO:Importing libraries
2022-11-03 09:48:21,465:INFO:Copying training dataset
2022-11-03 09:48:21,469:INFO:Defining folds
2022-11-03 09:48:21,469:INFO:Declaring metric variables
2022-11-03 09:48:21,484:INFO:Importing untrained model
2022-11-03 09:48:21,499:INFO:Random Forest Classifier Imported succesfully
2022-11-03 09:48:21,523:INFO:Starting cross validation
2022-11-03 09:48:21,523:INFO:Cross validating with StratifiedKFold(n_splits=10, random_state=None, shuffle=False), n_jobs=-1
2022-11-03 09:48:26,636:INFO:Calculating mean and std
2022-11-03 09:48:26,638:INFO:Creating metrics dataframe
2022-11-03 09:48:26,649:INFO:Uploading results into container
2022-11-03 09:48:26,649:INFO:Uploading model into container now
2022-11-03 09:48:26,649:INFO:create_model_container: 7
2022-11-03 09:48:26,650:INFO:master_model_container: 7
2022-11-03 09:48:26,650:INFO:display_container: 2
2022-11-03 09:48:26,651:INFO:RandomForestClassifier(bootstrap=True, ccp_alpha=0.0, class_weight=None,
                       criterion='gini', max_depth=None, max_features='auto',
                       max_leaf_nodes=None, max_samples=None,
                       min_impurity_decrease=0.0, min_impurity_split=None,
                       min_samples_leaf=1, min_samples_split=2,
                       min_weight_fraction_leaf=0.0, n_estimators=100,
                       n_jobs=-1, oob_score=False, random_state=123, verbose=0,
                       warm_start=False)
2022-11-03 09:48:26,652:INFO:create_model() succesfully completed......................................
2022-11-03 09:48:26,764:INFO:SubProcess create_model() end ==================================
2022-11-03 09:48:26,764:INFO:Creating metrics dataframe
2022-11-03 09:48:26,787:INFO:Initializing Quadratic Discriminant Analysis
2022-11-03 09:48:26,788:INFO:Total runtime is 0.31245986223220823 minutes
2022-11-03 09:48:26,796:INFO:SubProcess create_model() called ==================================
2022-11-03 09:48:26,797:INFO:Initializing create_model()
2022-11-03 09:48:26,797:INFO:create_model(estimator=qda, fold=StratifiedKFold(n_splits=10, random_state=None, shuffle=False), round=4, cross_validation=True, predict=True, fit_kwargs={}, groups=None, refit=False, verbose=False, system=False, metrics=None, experiment_custom_tags=None, add_to_model_list=True, probability_threshold=None, display=<pycaret.internal.Display.Display object at 0x00000216F586F0D0>, return_train_score=False, kwargs={})
2022-11-03 09:48:26,797:INFO:Checking exceptions
2022-11-03 09:48:26,797:INFO:Importing libraries
2022-11-03 09:48:26,797:INFO:Copying training dataset
2022-11-03 09:48:26,803:INFO:Defining folds
2022-11-03 09:48:26,804:INFO:Declaring metric variables
2022-11-03 09:48:26,812:INFO:Importing untrained model
2022-11-03 09:48:26,820:INFO:Quadratic Discriminant Analysis Imported succesfully
2022-11-03 09:48:26,837:INFO:Starting cross validation
2022-11-03 09:48:26,838:INFO:Cross validating with StratifiedKFold(n_splits=10, random_state=None, shuffle=False), n_jobs=-1
2022-11-03 09:48:27,919:INFO:Calculating mean and std
2022-11-03 09:48:27,921:INFO:Creating metrics dataframe
2022-11-03 09:48:27,927:INFO:Uploading results into container
2022-11-03 09:48:27,928:INFO:Uploading model into container now
2022-11-03 09:48:27,928:INFO:create_model_container: 8
2022-11-03 09:48:27,928:INFO:master_model_container: 8
2022-11-03 09:48:27,928:INFO:display_container: 2
2022-11-03 09:48:27,928:INFO:QuadraticDiscriminantAnalysis(priors=None, reg_param=0.0,
                              store_covariance=False, tol=0.0001)
2022-11-03 09:48:27,928:INFO:create_model() succesfully completed......................................
2022-11-03 09:48:28,011:INFO:SubProcess create_model() end ==================================
2022-11-03 09:48:28,012:INFO:Creating metrics dataframe
2022-11-03 09:48:28,037:INFO:Initializing Ada Boost Classifier
2022-11-03 09:48:28,037:INFO:Total runtime is 0.33327081600824987 minutes
2022-11-03 09:48:28,049:INFO:SubProcess create_model() called ==================================
2022-11-03 09:48:28,049:INFO:Initializing create_model()
2022-11-03 09:48:28,049:INFO:create_model(estimator=ada, fold=StratifiedKFold(n_splits=10, random_state=None, shuffle=False), round=4, cross_validation=True, predict=True, fit_kwargs={}, groups=None, refit=False, verbose=False, system=False, metrics=None, experiment_custom_tags=None, add_to_model_list=True, probability_threshold=None, display=<pycaret.internal.Display.Display object at 0x00000216F586F0D0>, return_train_score=False, kwargs={})
2022-11-03 09:48:28,049:INFO:Checking exceptions
2022-11-03 09:48:28,049:INFO:Importing libraries
2022-11-03 09:48:28,049:INFO:Copying training dataset
2022-11-03 09:48:28,056:INFO:Defining folds
2022-11-03 09:48:28,056:INFO:Declaring metric variables
2022-11-03 09:48:28,069:INFO:Importing untrained model
2022-11-03 09:48:28,085:INFO:Ada Boost Classifier Imported succesfully
2022-11-03 09:48:28,108:INFO:Starting cross validation
2022-11-03 09:48:28,108:INFO:Cross validating with StratifiedKFold(n_splits=10, random_state=None, shuffle=False), n_jobs=-1
2022-11-03 09:48:32,166:INFO:Calculating mean and std
2022-11-03 09:48:32,167:INFO:Creating metrics dataframe
2022-11-03 09:48:32,174:INFO:Uploading results into container
2022-11-03 09:48:32,174:INFO:Uploading model into container now
2022-11-03 09:48:32,174:INFO:create_model_container: 9
2022-11-03 09:48:32,174:INFO:master_model_container: 9
2022-11-03 09:48:32,174:INFO:display_container: 2
2022-11-03 09:48:32,175:INFO:AdaBoostClassifier(algorithm='SAMME.R', base_estimator=None, learning_rate=1.0,
                   n_estimators=50, random_state=123)
2022-11-03 09:48:32,175:INFO:create_model() succesfully completed......................................
2022-11-03 09:48:32,260:INFO:SubProcess create_model() end ==================================
2022-11-03 09:48:32,260:INFO:Creating metrics dataframe
2022-11-03 09:48:32,282:INFO:Initializing Gradient Boosting Classifier
2022-11-03 09:48:32,282:INFO:Total runtime is 0.40403121709823603 minutes
2022-11-03 09:48:32,292:INFO:SubProcess create_model() called ==================================
2022-11-03 09:48:32,293:INFO:Initializing create_model()
2022-11-03 09:48:32,293:INFO:create_model(estimator=gbc, fold=StratifiedKFold(n_splits=10, random_state=None, shuffle=False), round=4, cross_validation=True, predict=True, fit_kwargs={}, groups=None, refit=False, verbose=False, system=False, metrics=None, experiment_custom_tags=None, add_to_model_list=True, probability_threshold=None, display=<pycaret.internal.Display.Display object at 0x00000216F586F0D0>, return_train_score=False, kwargs={})
2022-11-03 09:48:32,293:INFO:Checking exceptions
2022-11-03 09:48:32,293:INFO:Importing libraries
2022-11-03 09:48:32,294:INFO:Copying training dataset
2022-11-03 09:48:32,304:INFO:Defining folds
2022-11-03 09:48:32,304:INFO:Declaring metric variables
2022-11-03 09:48:32,311:INFO:Importing untrained model
2022-11-03 09:48:32,319:INFO:Gradient Boosting Classifier Imported succesfully
2022-11-03 09:48:32,334:INFO:Starting cross validation
2022-11-03 09:48:32,334:INFO:Cross validating with StratifiedKFold(n_splits=10, random_state=None, shuffle=False), n_jobs=-1
2022-11-03 09:48:48,291:INFO:Calculating mean and std
2022-11-03 09:48:48,293:INFO:Creating metrics dataframe
2022-11-03 09:48:48,302:INFO:Uploading results into container
2022-11-03 09:48:48,302:INFO:Uploading model into container now
2022-11-03 09:48:48,302:INFO:create_model_container: 10
2022-11-03 09:48:48,302:INFO:master_model_container: 10
2022-11-03 09:48:48,302:INFO:display_container: 2
2022-11-03 09:48:48,303:INFO:GradientBoostingClassifier(ccp_alpha=0.0, criterion='friedman_mse', init=None,
                           learning_rate=0.1, loss='deviance', max_depth=3,
                           max_features=None, max_leaf_nodes=None,
                           min_impurity_decrease=0.0, min_impurity_split=None,
                           min_samples_leaf=1, min_samples_split=2,
                           min_weight_fraction_leaf=0.0, n_estimators=100,
                           n_iter_no_change=None, presort='deprecated',
                           random_state=123, subsample=1.0, tol=0.0001,
                           validation_fraction=0.1, verbose=0,
                           warm_start=False)
2022-11-03 09:48:48,303:INFO:create_model() succesfully completed......................................
2022-11-03 09:48:48,405:INFO:SubProcess create_model() end ==================================
2022-11-03 09:48:48,405:INFO:Creating metrics dataframe
2022-11-03 09:48:48,427:INFO:Initializing Linear Discriminant Analysis
2022-11-03 09:48:48,427:INFO:Total runtime is 0.6731153726577759 minutes
2022-11-03 09:48:48,437:INFO:SubProcess create_model() called ==================================
2022-11-03 09:48:48,437:INFO:Initializing create_model()
2022-11-03 09:48:48,437:INFO:create_model(estimator=lda, fold=StratifiedKFold(n_splits=10, random_state=None, shuffle=False), round=4, cross_validation=True, predict=True, fit_kwargs={}, groups=None, refit=False, verbose=False, system=False, metrics=None, experiment_custom_tags=None, add_to_model_list=True, probability_threshold=None, display=<pycaret.internal.Display.Display object at 0x00000216F586F0D0>, return_train_score=False, kwargs={})
2022-11-03 09:48:48,437:INFO:Checking exceptions
2022-11-03 09:48:48,437:INFO:Importing libraries
2022-11-03 09:48:48,437:INFO:Copying training dataset
2022-11-03 09:48:48,442:INFO:Defining folds
2022-11-03 09:48:48,443:INFO:Declaring metric variables
2022-11-03 09:48:48,450:INFO:Importing untrained model
2022-11-03 09:48:48,458:INFO:Linear Discriminant Analysis Imported succesfully
2022-11-03 09:48:48,476:INFO:Starting cross validation
2022-11-03 09:48:48,476:INFO:Cross validating with StratifiedKFold(n_splits=10, random_state=None, shuffle=False), n_jobs=-1
2022-11-03 09:48:49,945:INFO:Calculating mean and std
2022-11-03 09:48:49,946:INFO:Creating metrics dataframe
2022-11-03 09:48:49,949:INFO:Uploading results into container
2022-11-03 09:48:49,949:INFO:Uploading model into container now
2022-11-03 09:48:49,949:INFO:create_model_container: 11
2022-11-03 09:48:49,949:INFO:master_model_container: 11
2022-11-03 09:48:49,949:INFO:display_container: 2
2022-11-03 09:48:49,950:INFO:LinearDiscriminantAnalysis(n_components=None, priors=None, shrinkage=None,
                           solver='svd', store_covariance=False, tol=0.0001)
2022-11-03 09:48:49,950:INFO:create_model() succesfully completed......................................
2022-11-03 09:48:50,050:INFO:SubProcess create_model() end ==================================
2022-11-03 09:48:50,050:INFO:Creating metrics dataframe
2022-11-03 09:48:50,076:INFO:Initializing Extra Trees Classifier
2022-11-03 09:48:50,077:INFO:Total runtime is 0.7005999326705933 minutes
2022-11-03 09:48:50,086:INFO:SubProcess create_model() called ==================================
2022-11-03 09:48:50,087:INFO:Initializing create_model()
2022-11-03 09:48:50,087:INFO:create_model(estimator=et, fold=StratifiedKFold(n_splits=10, random_state=None, shuffle=False), round=4, cross_validation=True, predict=True, fit_kwargs={}, groups=None, refit=False, verbose=False, system=False, metrics=None, experiment_custom_tags=None, add_to_model_list=True, probability_threshold=None, display=<pycaret.internal.Display.Display object at 0x00000216F586F0D0>, return_train_score=False, kwargs={})
2022-11-03 09:48:50,087:INFO:Checking exceptions
2022-11-03 09:48:50,088:INFO:Importing libraries
2022-11-03 09:48:50,088:INFO:Copying training dataset
2022-11-03 09:48:50,092:INFO:Defining folds
2022-11-03 09:48:50,092:INFO:Declaring metric variables
2022-11-03 09:48:50,099:INFO:Importing untrained model
2022-11-03 09:48:50,107:INFO:Extra Trees Classifier Imported succesfully
2022-11-03 09:48:50,122:INFO:Starting cross validation
2022-11-03 09:48:50,123:INFO:Cross validating with StratifiedKFold(n_splits=10, random_state=None, shuffle=False), n_jobs=-1
2022-11-03 09:48:54,627:INFO:Calculating mean and std
2022-11-03 09:48:54,630:INFO:Creating metrics dataframe
2022-11-03 09:48:54,640:INFO:Uploading results into container
2022-11-03 09:48:54,640:INFO:Uploading model into container now
2022-11-03 09:48:54,640:INFO:create_model_container: 12
2022-11-03 09:48:54,641:INFO:master_model_container: 12
2022-11-03 09:48:54,641:INFO:display_container: 2
2022-11-03 09:48:54,642:INFO:ExtraTreesClassifier(bootstrap=False, ccp_alpha=0.0, class_weight=None,
                     criterion='gini', max_depth=None, max_features='auto',
                     max_leaf_nodes=None, max_samples=None,
                     min_impurity_decrease=0.0, min_impurity_split=None,
                     min_samples_leaf=1, min_samples_split=2,
                     min_weight_fraction_leaf=0.0, n_estimators=100, n_jobs=-1,
                     oob_score=False, random_state=123, verbose=0,
                     warm_start=False)
2022-11-03 09:48:54,642:INFO:create_model() succesfully completed......................................
2022-11-03 09:48:54,739:INFO:SubProcess create_model() end ==================================
2022-11-03 09:48:54,739:INFO:Creating metrics dataframe
2022-11-03 09:48:54,765:INFO:Initializing Light Gradient Boosting Machine
2022-11-03 09:48:54,765:INFO:Total runtime is 0.778744641939799 minutes
2022-11-03 09:48:54,774:INFO:SubProcess create_model() called ==================================
2022-11-03 09:48:54,775:INFO:Initializing create_model()
2022-11-03 09:48:54,776:INFO:create_model(estimator=lightgbm, fold=StratifiedKFold(n_splits=10, random_state=None, shuffle=False), round=4, cross_validation=True, predict=True, fit_kwargs={}, groups=None, refit=False, verbose=False, system=False, metrics=None, experiment_custom_tags=None, add_to_model_list=True, probability_threshold=None, display=<pycaret.internal.Display.Display object at 0x00000216F586F0D0>, return_train_score=False, kwargs={})
2022-11-03 09:48:54,776:INFO:Checking exceptions
2022-11-03 09:48:54,776:INFO:Importing libraries
2022-11-03 09:48:54,776:INFO:Copying training dataset
2022-11-03 09:48:54,785:INFO:Defining folds
2022-11-03 09:48:54,785:INFO:Declaring metric variables
2022-11-03 09:48:54,792:INFO:Importing untrained model
2022-11-03 09:48:54,801:INFO:Light Gradient Boosting Machine Imported succesfully
2022-11-03 09:48:54,821:INFO:Starting cross validation
2022-11-03 09:48:54,821:INFO:Cross validating with StratifiedKFold(n_splits=10, random_state=None, shuffle=False), n_jobs=-1
2022-11-03 09:48:55,998:INFO:Calculating mean and std
2022-11-03 09:48:55,998:INFO:Creating metrics dataframe
2022-11-03 09:48:56,007:INFO:Uploading results into container
2022-11-03 09:48:56,008:INFO:Uploading model into container now
2022-11-03 09:48:56,008:INFO:create_model_container: 13
2022-11-03 09:48:56,008:INFO:master_model_container: 13
2022-11-03 09:48:56,008:INFO:display_container: 2
2022-11-03 09:48:56,009:INFO:LGBMClassifier(boosting_type='gbdt', class_weight=None, colsample_bytree=1.0,
               importance_type='split', learning_rate=0.1, max_depth=-1,
               min_child_samples=20, min_child_weight=0.001, min_split_gain=0.0,
               n_estimators=100, n_jobs=-1, num_leaves=31, objective=None,
               random_state=123, reg_alpha=0.0, reg_lambda=0.0, silent='warn',
               subsample=1.0, subsample_for_bin=200000, subsample_freq=0)
2022-11-03 09:48:56,009:INFO:create_model() succesfully completed......................................
2022-11-03 09:48:56,081:INFO:SubProcess create_model() end ==================================
2022-11-03 09:48:56,081:INFO:Creating metrics dataframe
2022-11-03 09:48:56,095:INFO:Initializing Dummy Classifier
2022-11-03 09:48:56,095:INFO:Total runtime is 0.800901981194814 minutes
2022-11-03 09:48:56,109:INFO:SubProcess create_model() called ==================================
2022-11-03 09:48:56,109:INFO:Initializing create_model()
2022-11-03 09:48:56,109:INFO:create_model(estimator=dummy, fold=StratifiedKFold(n_splits=10, random_state=None, shuffle=False), round=4, cross_validation=True, predict=True, fit_kwargs={}, groups=None, refit=False, verbose=False, system=False, metrics=None, experiment_custom_tags=None, add_to_model_list=True, probability_threshold=None, display=<pycaret.internal.Display.Display object at 0x00000216F586F0D0>, return_train_score=False, kwargs={})
2022-11-03 09:48:56,109:INFO:Checking exceptions
2022-11-03 09:48:56,109:INFO:Importing libraries
2022-11-03 09:48:56,109:INFO:Copying training dataset
2022-11-03 09:48:56,116:INFO:Defining folds
2022-11-03 09:48:56,117:INFO:Declaring metric variables
2022-11-03 09:48:56,124:INFO:Importing untrained model
2022-11-03 09:48:56,130:INFO:Dummy Classifier Imported succesfully
2022-11-03 09:48:56,146:INFO:Starting cross validation
2022-11-03 09:48:56,147:INFO:Cross validating with StratifiedKFold(n_splits=10, random_state=None, shuffle=False), n_jobs=-1
2022-11-03 09:48:56,330:INFO:Calculating mean and std
2022-11-03 09:48:56,331:INFO:Creating metrics dataframe
2022-11-03 09:48:56,335:INFO:Uploading results into container
2022-11-03 09:48:56,335:INFO:Uploading model into container now
2022-11-03 09:48:56,335:INFO:create_model_container: 14
2022-11-03 09:48:56,335:INFO:master_model_container: 14
2022-11-03 09:48:56,335:INFO:display_container: 2
2022-11-03 09:48:56,336:INFO:DummyClassifier(constant=None, random_state=123, strategy='prior')
2022-11-03 09:48:56,336:INFO:create_model() succesfully completed......................................
2022-11-03 09:48:56,420:INFO:SubProcess create_model() end ==================================
2022-11-03 09:48:56,421:INFO:Creating metrics dataframe
2022-11-03 09:48:56,464:INFO:Initializing create_model()
2022-11-03 09:48:56,464:INFO:create_model(estimator=LinearDiscriminantAnalysis(n_components=None, priors=None, shrinkage=None,
                           solver='svd', store_covariance=False, tol=0.0001), fold=StratifiedKFold(n_splits=10, random_state=None, shuffle=False), round=4, cross_validation=False, predict=False, fit_kwargs={}, groups=None, refit=True, verbose=False, system=False, metrics=None, experiment_custom_tags=None, add_to_model_list=True, probability_threshold=None, display=None, return_train_score=False, kwargs={})
2022-11-03 09:48:56,464:INFO:Checking exceptions
2022-11-03 09:48:56,465:INFO:Importing libraries
2022-11-03 09:48:56,465:INFO:Copying training dataset
2022-11-03 09:48:56,469:INFO:Defining folds
2022-11-03 09:48:56,469:INFO:Declaring metric variables
2022-11-03 09:48:56,469:INFO:Importing untrained model
2022-11-03 09:48:56,469:INFO:Declaring custom model
2022-11-03 09:48:56,469:INFO:Linear Discriminant Analysis Imported succesfully
2022-11-03 09:48:56,469:INFO:Cross validation set to False
2022-11-03 09:48:56,469:INFO:Fitting Model
2022-11-03 09:48:56,672:INFO:LinearDiscriminantAnalysis(n_components=None, priors=None, shrinkage=None,
                           solver='svd', store_covariance=False, tol=0.0001)
2022-11-03 09:48:56,672:INFO:create_models() succesfully completed......................................
2022-11-03 09:48:56,787:INFO:create_model_container: 14
2022-11-03 09:48:56,788:INFO:master_model_container: 14
2022-11-03 09:48:56,788:INFO:display_container: 2
2022-11-03 09:48:56,789:INFO:LinearDiscriminantAnalysis(n_components=None, priors=None, shrinkage=None,
                           solver='svd', store_covariance=False, tol=0.0001)
2022-11-03 09:48:56,789:INFO:compare_models() succesfully completed......................................
